2024-05-16 14:47:34,012 INFO o.a.j.u.JMeterUtils: Setting Locale to en_EN
2024-05-16 14:47:34,024 INFO o.a.j.JMeter: Loading user properties from: /opt/homebrew/Cellar/jmeter/5.6.3/libexec/bin/user.properties
2024-05-16 14:47:34,024 INFO o.a.j.JMeter: Loading system properties from: /opt/homebrew/Cellar/jmeter/5.6.3/libexec/bin/system.properties
2024-05-16 14:47:34,027 INFO o.a.j.JMeter: Copyright (c) 1998-2024 The Apache Software Foundation
2024-05-16 14:47:34,027 INFO o.a.j.JMeter: Version 5.6.3
2024-05-16 14:47:34,027 INFO o.a.j.JMeter: java.version=21.0.3
2024-05-16 14:47:34,027 INFO o.a.j.JMeter: java.vm.name=OpenJDK 64-Bit Server VM
2024-05-16 14:47:34,027 INFO o.a.j.JMeter: os.name=Mac OS X
2024-05-16 14:47:34,027 INFO o.a.j.JMeter: os.arch=aarch64
2024-05-16 14:47:34,027 INFO o.a.j.JMeter: os.version=14.4.1
2024-05-16 14:47:34,027 INFO o.a.j.JMeter: file.encoding=UTF-8
2024-05-16 14:47:34,027 INFO o.a.j.JMeter: java.awt.headless=null
2024-05-16 14:47:34,027 INFO o.a.j.JMeter: Max memory     =1073741824
2024-05-16 14:47:34,027 INFO o.a.j.JMeter: Available Processors =12
2024-05-16 14:47:34,032 INFO o.a.j.JMeter: Default Locale=English (EN)
2024-05-16 14:47:34,032 INFO o.a.j.JMeter: JMeter  Locale=English (EN)
2024-05-16 14:47:34,032 INFO o.a.j.JMeter: JMeterHome=/opt/homebrew/Cellar/jmeter/5.6.3/libexec
2024-05-16 14:47:34,033 INFO o.a.j.JMeter: user.dir  =/Users/patrickbartosik/Documents/web/A3/Testing
2024-05-16 14:47:34,033 INFO o.a.j.JMeter: PWD       =/Users/patrickbartosik/Documents/web/A3/Testing
2024-05-16 14:47:34,042 INFO o.a.j.JMeter: IP: 10.2.161.179 Name: MacBook-Pro-de-Patrick.local FullName: 10.2.161.179
2024-05-16 14:47:34,048 INFO o.a.j.JMeter: Loaded icon properties from org/apache/jmeter/images/icon.properties
2024-05-16 14:47:34,290 INFO o.a.j.JMeterGuiLauncher: Setting LAF to: com.github.weisj.darklaf.DarkLaf:com.github.weisj.darklaf.theme.DarculaTheme
2024-05-16 14:47:35,323 INFO o.a.j.r.ClassFinder: Will scan jar /opt/homebrew/Cellar/jmeter/5.6.3/libexec/lib/ext/jmeter-plugins-manager-1.9.jar with filter ExtendsClassFilter [parents=[interface org.apache.jmeter.gui.action.Command], inner=false, contains=null, notContains=null]. Consider exposing JMeter plugins via META-INF/services, and add JMeter-Skip-Class-Scanning=true manifest attribute so JMeter can skip classfile scanning
2024-05-16 14:47:35,376 INFO o.a.j.r.ClassFinder: Will scan jar /opt/homebrew/Cellar/jmeter/5.6.3/libexec/lib/ext/jmeter-plugins-manager-1.9.jar with filter ExtendsClassFilter [parents=[interface org.apache.jmeter.gui.plugin.MenuCreator], inner=false, contains=null, notContains=null]. Consider exposing JMeter plugins via META-INF/services, and add JMeter-Skip-Class-Scanning=true manifest attribute so JMeter can skip classfile scanning
2024-05-16 14:47:35,429 INFO o.j.r.JARSourceHTTP: Requesting https://jmeter-plugins.org/repo/?installID=mac_os_x-42d1fd290531e45038dedb853f7a2b51-gui
2024-05-16 14:47:36,745 INFO o.j.r.PluginManager: Plugins Status: [jpgc-plugins-manager=1.9, jmeter-core=5.6.3, jmeter-ftp=5.6.3, jmeter-http=5.6.3, jmeter-jdbc=5.6.3, jmeter-jms=5.6.3, jmeter-junit=5.6.3, jmeter-java=5.6.3, jmeter-ldap=5.6.3, jmeter-mail=5.6.3, jmeter-mongodb=5.6.3, jmeter-native=5.6.3, jmeter-tcp=5.6.3, jmeter-components=5.6.3]
2024-05-16 14:47:36,745 INFO o.j.r.PluginManagerMenuItem: Plugins Manager has upgrades: [jpgc-plugins-manager]
2024-05-16 14:48:01,565 INFO o.a.j.p.h.s.HTTPSamplerBase: Parser for text/html is org.apache.jmeter.protocol.http.parser.LagartoBasedHtmlParser
2024-05-16 14:48:01,565 INFO o.a.j.p.h.s.HTTPSamplerBase: Parser for application/xhtml+xml is org.apache.jmeter.protocol.http.parser.LagartoBasedHtmlParser
2024-05-16 14:48:01,565 INFO o.a.j.p.h.s.HTTPSamplerBase: Parser for application/xml is org.apache.jmeter.protocol.http.parser.LagartoBasedHtmlParser
2024-05-16 14:48:01,565 INFO o.a.j.p.h.s.HTTPSamplerBase: Parser for text/xml is org.apache.jmeter.protocol.http.parser.LagartoBasedHtmlParser
2024-05-16 14:48:01,565 INFO o.a.j.p.h.s.HTTPSamplerBase: Parser for text/vnd.wap.wml is org.apache.jmeter.protocol.http.parser.RegexpHTMLParser
2024-05-16 14:48:01,565 INFO o.a.j.p.h.s.HTTPSamplerBase: Parser for text/css is org.apache.jmeter.protocol.http.parser.CssParser
2024-05-16 14:48:34,933 INFO o.a.j.s.SampleResult: Note: Sample TimeStamps are START times
2024-05-16 14:48:34,933 INFO o.a.j.s.SampleResult: sampleresult.default.encoding is set to UTF-8
2024-05-16 14:48:34,933 INFO o.a.j.s.SampleResult: sampleresult.useNanoTime=true
2024-05-16 14:48:34,933 INFO o.a.j.s.SampleResult: sampleresult.nanoThreadSleep=5000
2024-05-16 14:48:34,987 INFO o.a.j.r.ClassFinder: Will scan jar /opt/homebrew/Cellar/jmeter/5.6.3/libexec/lib/ext/jmeter-plugins-manager-1.9.jar with filter ExtendsClassFilter [parents=[interface org.apache.jmeter.visualizers.ResultRenderer], inner=false, contains=null, notContains=null]. Consider exposing JMeter plugins via META-INF/services, and add JMeter-Skip-Class-Scanning=true manifest attribute so JMeter can skip classfile scanning
2024-05-16 14:48:34,998 INFO o.a.j.r.ClassFinder: Will scan jar /opt/homebrew/Cellar/jmeter/5.6.3/libexec/lib/ext/jmeter-plugins-manager-1.9.jar with filter ExtendsClassFilter [parents=[interface org.apache.jmeter.visualizers.RequestView], inner=false, contains=null, notContains=null]. Consider exposing JMeter plugins via META-INF/services, and add JMeter-Skip-Class-Scanning=true manifest attribute so JMeter can skip classfile scanning
2024-05-16 14:48:52,522 INFO o.a.j.e.StandardJMeterEngine: Running the test!
2024-05-16 14:48:52,523 INFO o.a.j.s.SampleEvent: List of sample_variables: []
2024-05-16 14:48:52,523 INFO o.a.j.s.SampleEvent: List of sample_variables: []
2024-05-16 14:48:52,524 INFO o.a.j.e.u.CompoundVariable: Note: Function class names must contain the string: '.functions.'
2024-05-16 14:48:52,524 INFO o.a.j.e.u.CompoundVariable: Note: Function class names must not contain the string: '.gui.'
2024-05-16 14:48:52,562 INFO o.a.j.r.ClassFinder: Will scan jar /opt/homebrew/Cellar/jmeter/5.6.3/libexec/lib/ext/jmeter-plugins-manager-1.9.jar with filter ExtendsClassFilter [parents=[interface org.apache.jmeter.functions.Function], inner=false, contains=null, notContains=null]. Consider exposing JMeter plugins via META-INF/services, and add JMeter-Skip-Class-Scanning=true manifest attribute so JMeter can skip classfile scanning
2024-05-16 14:48:52,565 INFO o.a.j.g.u.JMeterMenuBar: setRunning(true, *local*)
2024-05-16 14:48:52,596 INFO o.a.j.e.StandardJMeterEngine: Starting ThreadGroup: 1 : Stress test
2024-05-16 14:48:52,596 INFO o.a.j.e.StandardJMeterEngine: Starting 1 threads for group Stress test.
2024-05-16 14:48:52,596 INFO o.a.j.e.StandardJMeterEngine: Thread will continue on error
2024-05-16 14:48:52,596 INFO o.a.j.t.ThreadGroup: Starting thread group... number=1 threads=1 ramp-up=1 delayedStart=false
2024-05-16 14:48:52,597 INFO o.a.j.t.ThreadGroup: Started thread group number 1
2024-05-16 14:48:52,597 INFO o.a.j.e.StandardJMeterEngine: All thread groups have been started
2024-05-16 14:48:52,598 INFO o.a.j.t.JMeterThread: Thread started: Stress test 1-1
2024-05-16 14:48:52,600 INFO o.a.j.t.JMeterThread: Thread is done: Stress test 1-1
2024-05-16 14:48:52,600 INFO o.a.j.t.JMeterThread: Thread finished: Stress test 1-1
2024-05-16 14:48:52,600 INFO o.a.j.e.StandardJMeterEngine: Notifying test listeners of end of test
2024-05-16 14:48:52,601 INFO o.a.j.s.FileServer: Default base='/Users/patrickbartosik/Documents/web/A3/Testing'
2024-05-16 14:48:52,601 INFO o.a.j.g.u.JMeterMenuBar: setRunning(false, *local*)
2024-05-16 14:49:31,194 INFO o.a.j.s.FileServer: Set new base='/Users/patrickbartosik/Documents/web/A3/Testing'
2024-05-16 14:49:31,300 INFO o.a.j.s.SaveService: Testplan (JMX) version: 2.2. Testlog (JTL) version: 2.2
2024-05-16 14:49:31,304 INFO o.a.j.s.SaveService: Using SaveService properties version 5.0
2024-05-16 14:49:31,305 INFO o.a.j.s.SaveService: Using SaveService properties file encoding UTF-8
2024-05-16 14:49:31,318 INFO o.a.j.e.StandardJMeterEngine: Running the test!
2024-05-16 14:49:31,318 INFO o.a.j.s.SampleEvent: List of sample_variables: []
2024-05-16 14:49:31,325 INFO o.a.j.g.u.JMeterMenuBar: setRunning(true, *local*)
2024-05-16 14:49:31,351 INFO o.a.j.e.StandardJMeterEngine: Starting ThreadGroup: 1 : Stress test
2024-05-16 14:49:31,352 INFO o.a.j.e.StandardJMeterEngine: Starting 1 threads for group Stress test.
2024-05-16 14:49:31,352 INFO o.a.j.e.StandardJMeterEngine: Thread will continue on error
2024-05-16 14:49:31,352 INFO o.a.j.t.ThreadGroup: Starting thread group... number=1 threads=1 ramp-up=1 delayedStart=false
2024-05-16 14:49:31,353 INFO o.a.j.t.ThreadGroup: Started thread group number 1
2024-05-16 14:49:31,353 INFO o.a.j.e.StandardJMeterEngine: All thread groups have been started
2024-05-16 14:49:31,353 INFO o.a.j.t.JMeterThread: Thread started: Stress test 1-1
2024-05-16 14:49:31,354 INFO o.a.j.t.JMeterThread: Thread is done: Stress test 1-1
2024-05-16 14:49:31,354 INFO o.a.j.t.JMeterThread: Thread finished: Stress test 1-1
2024-05-16 14:49:31,354 INFO o.a.j.e.StandardJMeterEngine: Notifying test listeners of end of test
2024-05-16 14:49:31,354 INFO o.a.j.g.u.JMeterMenuBar: setRunning(false, *local*)
2024-05-16 14:49:53,294 INFO o.a.j.e.StandardJMeterEngine: Running the test!
2024-05-16 14:49:53,295 INFO o.a.j.s.SampleEvent: List of sample_variables: []
2024-05-16 14:49:53,297 INFO o.a.j.g.u.JMeterMenuBar: setRunning(true, *local*)
2024-05-16 14:49:53,328 INFO o.a.j.e.StandardJMeterEngine: Starting ThreadGroup: 1 : Stress test
2024-05-16 14:49:53,328 INFO o.a.j.e.StandardJMeterEngine: Starting 1 threads for group Stress test.
2024-05-16 14:49:53,329 INFO o.a.j.e.StandardJMeterEngine: Thread will continue on error
2024-05-16 14:49:53,329 INFO o.a.j.t.ThreadGroup: Starting thread group... number=1 threads=1 ramp-up=1 delayedStart=false
2024-05-16 14:49:53,329 INFO o.a.j.t.ThreadGroup: Started thread group number 1
2024-05-16 14:49:53,329 INFO o.a.j.e.StandardJMeterEngine: All thread groups have been started
2024-05-16 14:49:53,329 INFO o.a.j.t.JMeterThread: Thread started: Stress test 1-1
2024-05-16 14:49:53,330 INFO o.a.j.t.JMeterThread: Thread is done: Stress test 1-1
2024-05-16 14:49:53,330 INFO o.a.j.t.JMeterThread: Thread finished: Stress test 1-1
2024-05-16 14:49:53,330 INFO o.a.j.e.StandardJMeterEngine: Notifying test listeners of end of test
2024-05-16 14:49:53,331 INFO o.a.j.g.u.JMeterMenuBar: setRunning(false, *local*)
2024-05-16 14:50:23,445 INFO o.a.j.g.a.t.TemplateManager: Reading templates from: /opt/homebrew/Cellar/jmeter/5.6.3/libexec/bin/templates/templates.xml
2024-05-16 14:50:50,511 INFO o.a.j.g.a.Load: Loading file: /Users/patrickbartosik/ApiTestPlan.jmx
2024-05-16 14:50:50,512 INFO o.a.j.s.FileServer: Set new base='/Users/patrickbartosik'
2024-05-16 14:50:50,512 INFO o.a.j.s.SaveService: Loading file: /Users/patrickbartosik/ApiTestPlan.jmx
2024-05-16 14:50:50,597 INFO o.a.j.r.ClassFinder: Will scan jar /opt/homebrew/Cellar/jmeter/5.6.3/libexec/lib/ext/jmeter-plugins-manager-1.9.jar with filter ExtendsClassFilter [parents=[interface org.apache.jmeter.visualizers.ResultRenderer], inner=false, contains=null, notContains=null]. Consider exposing JMeter plugins via META-INF/services, and add JMeter-Skip-Class-Scanning=true manifest attribute so JMeter can skip classfile scanning
2024-05-16 14:50:50,605 INFO o.a.j.r.ClassFinder: Will scan jar /opt/homebrew/Cellar/jmeter/5.6.3/libexec/lib/ext/jmeter-plugins-manager-1.9.jar with filter ExtendsClassFilter [parents=[interface org.apache.jmeter.visualizers.RequestView], inner=false, contains=null, notContains=null]. Consider exposing JMeter plugins via META-INF/services, and add JMeter-Skip-Class-Scanning=true manifest attribute so JMeter can skip classfile scanning
2024-05-16 14:50:50,633 INFO o.a.j.s.FileServer: Set new base='/Users/patrickbartosik'
2024-05-16 14:51:09,403 INFO o.a.j.e.StandardJMeterEngine: Running the test!
2024-05-16 14:51:09,403 INFO o.a.j.s.SampleEvent: List of sample_variables: []
2024-05-16 14:51:09,404 INFO o.a.j.g.u.JMeterMenuBar: setRunning(true, *local*)
2024-05-16 14:51:09,434 INFO o.a.j.e.StandardJMeterEngine: Starting ThreadGroup: 1 : Thread Group
2024-05-16 14:51:09,434 INFO o.a.j.e.StandardJMeterEngine: Starting 10 threads for group Thread Group.
2024-05-16 14:51:09,434 INFO o.a.j.e.StandardJMeterEngine: Thread will continue on error
2024-05-16 14:51:09,434 INFO o.a.j.t.ThreadGroup: Starting thread group... number=1 threads=10 ramp-up=10 delayedStart=false
2024-05-16 14:51:09,434 INFO o.a.j.t.JMeterThread: Thread started: Thread Group 1-1
2024-05-16 14:51:09,435 INFO o.a.j.t.ThreadGroup: Started thread group number 1
2024-05-16 14:51:09,435 INFO o.a.j.e.StandardJMeterEngine: All thread groups have been started
2024-05-16 14:51:09,439 INFO o.a.j.p.h.s.HTTPHCAbstractImpl: Local host = MacBook-Pro-de-Patrick.local
2024-05-16 14:51:09,443 INFO o.a.j.p.h.s.HTTPHC4Impl: HTTP request retry count = 0
2024-05-16 14:51:09,874 INFO o.a.j.t.JMeterThread: Thread is done: Thread Group 1-1
2024-05-16 14:51:09,874 INFO o.a.j.t.JMeterThread: Thread finished: Thread Group 1-1
2024-05-16 14:51:10,439 INFO o.a.j.t.JMeterThread: Thread started: Thread Group 1-2
2024-05-16 14:51:10,799 INFO o.a.j.t.JMeterThread: Thread is done: Thread Group 1-2
2024-05-16 14:51:10,799 INFO o.a.j.t.JMeterThread: Thread finished: Thread Group 1-2
2024-05-16 14:51:11,440 INFO o.a.j.t.JMeterThread: Thread started: Thread Group 1-3
2024-05-16 14:51:11,793 INFO o.a.j.t.JMeterThread: Thread is done: Thread Group 1-3
2024-05-16 14:51:11,793 INFO o.a.j.t.JMeterThread: Thread finished: Thread Group 1-3
2024-05-16 14:51:12,441 INFO o.a.j.t.JMeterThread: Thread started: Thread Group 1-4
2024-05-16 14:51:12,791 INFO o.a.j.t.JMeterThread: Thread is done: Thread Group 1-4
2024-05-16 14:51:12,791 INFO o.a.j.t.JMeterThread: Thread finished: Thread Group 1-4
2024-05-16 14:51:13,440 INFO o.a.j.t.JMeterThread: Thread started: Thread Group 1-5
2024-05-16 14:51:13,769 INFO o.a.j.t.JMeterThread: Thread is done: Thread Group 1-5
2024-05-16 14:51:13,769 INFO o.a.j.t.JMeterThread: Thread finished: Thread Group 1-5
2024-05-16 14:51:14,440 INFO o.a.j.t.JMeterThread: Thread started: Thread Group 1-6
2024-05-16 14:51:14,474 INFO o.a.j.g.a.Start: Stopping test
2024-05-16 14:51:14,495 INFO o.a.j.t.JMeterThread: Stopping: Thread Group 1-10
2024-05-16 14:51:14,496 INFO o.a.j.t.JMeterThread: Stopping: Thread Group 1-6
2024-05-16 14:51:14,496 WARN o.a.j.t.JMeterThread: Interrupting: Thread Group 1-6 sampler: Hotel
2024-05-16 14:51:14,496 INFO o.a.j.t.JMeterThread: Thread started: Thread Group 1-10
2024-05-16 14:51:14,496 INFO o.a.j.t.JMeterThread: Thread finished: Thread Group 1-10
2024-05-16 14:51:14,497 INFO o.a.j.t.JMeterThread: Stopping: Thread Group 1-8
2024-05-16 14:51:14,497 INFO o.a.j.t.JMeterThread: Stopping: Thread Group 1-7
2024-05-16 14:51:14,497 INFO o.a.j.t.JMeterThread: Stopping: Thread Group 1-9
2024-05-16 14:51:14,497 INFO o.a.j.t.JMeterThread: Thread started: Thread Group 1-8
2024-05-16 14:51:14,497 INFO o.a.j.t.JMeterThread: Thread started: Thread Group 1-7
2024-05-16 14:51:14,497 INFO o.a.j.t.JMeterThread: Thread started: Thread Group 1-9
2024-05-16 14:51:14,498 INFO o.a.j.t.JMeterThread: Thread finished: Thread Group 1-8
2024-05-16 14:51:14,498 INFO o.a.j.t.JMeterThread: Thread finished: Thread Group 1-7
2024-05-16 14:51:14,498 INFO o.a.j.t.JMeterThread: Thread finished: Thread Group 1-9
2024-05-16 14:51:14,498 INFO o.a.j.t.JMeterThread: Thread finished: Thread Group 1-6
2024-05-16 14:51:14,498 INFO o.a.j.e.StandardJMeterEngine: Notifying test listeners of end of test
2024-05-16 14:51:14,498 INFO o.a.j.g.u.JMeterMenuBar: setRunning(false, *local*)
2024-05-16 14:51:34,084 INFO o.a.j.g.a.Load: Loading file: /Users/patrickbartosik/Documents/web/A3/Testing/Summary Report.jmx
2024-05-16 14:51:34,084 INFO o.a.j.s.FileServer: Set new base='/Users/patrickbartosik/Documents/web/A3/Testing'
2024-05-16 14:51:34,084 INFO o.a.j.s.SaveService: Loading file: /Users/patrickbartosik/Documents/web/A3/Testing/Summary Report.jmx
2024-05-16 14:51:34,101 INFO o.a.j.r.ClassFinder: Will scan jar /opt/homebrew/Cellar/jmeter/5.6.3/libexec/lib/ext/jmeter-plugins-manager-1.9.jar with filter ExtendsClassFilter [parents=[interface org.apache.jmeter.visualizers.ResultRenderer], inner=false, contains=null, notContains=null]. Consider exposing JMeter plugins via META-INF/services, and add JMeter-Skip-Class-Scanning=true manifest attribute so JMeter can skip classfile scanning
2024-05-16 14:51:34,109 INFO o.a.j.r.ClassFinder: Will scan jar /opt/homebrew/Cellar/jmeter/5.6.3/libexec/lib/ext/jmeter-plugins-manager-1.9.jar with filter ExtendsClassFilter [parents=[interface org.apache.jmeter.visualizers.RequestView], inner=false, contains=null, notContains=null]. Consider exposing JMeter plugins via META-INF/services, and add JMeter-Skip-Class-Scanning=true manifest attribute so JMeter can skip classfile scanning
2024-05-16 14:51:34,136 INFO o.a.j.s.FileServer: Set new base='/Users/patrickbartosik/Documents/web/A3/Testing'
2024-05-16 14:52:01,210 INFO o.a.j.e.StandardJMeterEngine: Running the test!
2024-05-16 14:52:01,211 INFO o.a.j.s.SampleEvent: List of sample_variables: []
2024-05-16 14:52:01,212 INFO o.a.j.g.u.JMeterMenuBar: setRunning(true, *local*)
2024-05-16 14:52:01,252 INFO o.a.j.e.StandardJMeterEngine: Starting ThreadGroup: 1 : Stress test
2024-05-16 14:52:01,253 INFO o.a.j.e.StandardJMeterEngine: Starting 1 threads for group Stress test.
2024-05-16 14:52:01,253 INFO o.a.j.e.StandardJMeterEngine: Thread will continue on error
2024-05-16 14:52:01,253 INFO o.a.j.t.ThreadGroup: Starting thread group... number=1 threads=1 ramp-up=1 delayedStart=false
2024-05-16 14:52:01,253 INFO o.a.j.t.ThreadGroup: Started thread group number 1
2024-05-16 14:52:01,253 INFO o.a.j.e.StandardJMeterEngine: All thread groups have been started
2024-05-16 14:52:01,253 INFO o.a.j.t.JMeterThread: Thread started: Stress test 1-1
2024-05-16 14:52:01,254 INFO o.a.j.t.JMeterThread: Thread is done: Stress test 1-1
2024-05-16 14:52:01,254 INFO o.a.j.t.JMeterThread: Thread finished: Stress test 1-1
2024-05-16 14:52:01,254 INFO o.a.j.e.StandardJMeterEngine: Notifying test listeners of end of test
2024-05-16 14:52:01,255 INFO o.a.j.g.u.JMeterMenuBar: setRunning(false, *local*)
2024-05-16 14:52:21,990 INFO o.a.j.e.StandardJMeterEngine: Running the test!
2024-05-16 14:52:21,990 INFO o.a.j.s.SampleEvent: List of sample_variables: []
2024-05-16 14:52:21,991 INFO o.a.j.g.u.JMeterMenuBar: setRunning(true, *local*)
2024-05-16 14:52:22,022 INFO o.a.j.e.StandardJMeterEngine: Starting ThreadGroup: 1 : Stress test
2024-05-16 14:52:22,023 INFO o.a.j.e.StandardJMeterEngine: Starting 1 threads for group Stress test.
2024-05-16 14:52:22,023 INFO o.a.j.e.StandardJMeterEngine: Thread will continue on error
2024-05-16 14:52:22,023 INFO o.a.j.t.ThreadGroup: Starting thread group... number=1 threads=1 ramp-up=1 delayedStart=false
2024-05-16 14:52:22,023 INFO o.a.j.t.ThreadGroup: Started thread group number 1
2024-05-16 14:52:22,023 INFO o.a.j.e.StandardJMeterEngine: All thread groups have been started
2024-05-16 14:52:22,023 INFO o.a.j.t.JMeterThread: Thread started: Stress test 1-1
2024-05-16 14:52:22,025 INFO o.a.j.t.JMeterThread: Thread is done: Stress test 1-1
2024-05-16 14:52:22,025 INFO o.a.j.t.JMeterThread: Thread finished: Stress test 1-1
2024-05-16 14:52:22,025 INFO o.a.j.e.StandardJMeterEngine: Notifying test listeners of end of test
2024-05-16 14:52:22,025 INFO o.a.j.g.u.JMeterMenuBar: setRunning(false, *local*)
2024-05-16 14:52:38,862 INFO o.a.j.e.StandardJMeterEngine: Running the test!
2024-05-16 14:52:38,863 INFO o.a.j.s.SampleEvent: List of sample_variables: []
2024-05-16 14:52:38,864 INFO o.a.j.g.u.JMeterMenuBar: setRunning(true, *local*)
2024-05-16 14:52:38,899 INFO o.a.j.e.StandardJMeterEngine: Starting ThreadGroup: 1 : Stress test
2024-05-16 14:52:38,899 INFO o.a.j.e.StandardJMeterEngine: Starting 1 threads for group Stress test.
2024-05-16 14:52:38,899 INFO o.a.j.e.StandardJMeterEngine: Thread will continue on error
2024-05-16 14:52:38,899 INFO o.a.j.t.ThreadGroup: Starting thread group... number=1 threads=1 ramp-up=1 delayedStart=false
2024-05-16 14:52:38,900 INFO o.a.j.t.ThreadGroup: Started thread group number 1
2024-05-16 14:52:38,900 INFO o.a.j.e.StandardJMeterEngine: All thread groups have been started
2024-05-16 14:52:38,900 INFO o.a.j.t.JMeterThread: Thread started: Stress test 1-1
2024-05-16 14:52:39,099 INFO o.a.j.t.JMeterThread: Thread is done: Stress test 1-1
2024-05-16 14:52:39,099 INFO o.a.j.t.JMeterThread: Thread finished: Stress test 1-1
2024-05-16 14:52:39,100 INFO o.a.j.e.StandardJMeterEngine: Notifying test listeners of end of test
2024-05-16 14:52:39,101 INFO o.a.j.g.u.JMeterMenuBar: setRunning(false, *local*)
2024-05-16 14:58:34,227 INFO o.a.j.g.a.Load: Loading file: /Users/patrickbartosik/Documents/web/A3/Testing/Jmeter/Summary Report.jmx
2024-05-16 14:58:34,227 INFO o.a.j.s.FileServer: Set new base='/Users/patrickbartosik/Documents/web/A3/Testing/Jmeter'
2024-05-16 14:58:34,227 INFO o.a.j.s.SaveService: Loading file: /Users/patrickbartosik/Documents/web/A3/Testing/Jmeter/Summary Report.jmx
2024-05-16 14:58:34,244 INFO o.a.j.r.ClassFinder: Will scan jar /opt/homebrew/Cellar/jmeter/5.6.3/libexec/lib/ext/jmeter-plugins-manager-1.9.jar with filter ExtendsClassFilter [parents=[interface org.apache.jmeter.visualizers.ResultRenderer], inner=false, contains=null, notContains=null]. Consider exposing JMeter plugins via META-INF/services, and add JMeter-Skip-Class-Scanning=true manifest attribute so JMeter can skip classfile scanning
2024-05-16 14:58:34,252 INFO o.a.j.r.ClassFinder: Will scan jar /opt/homebrew/Cellar/jmeter/5.6.3/libexec/lib/ext/jmeter-plugins-manager-1.9.jar with filter ExtendsClassFilter [parents=[interface org.apache.jmeter.visualizers.RequestView], inner=false, contains=null, notContains=null]. Consider exposing JMeter plugins via META-INF/services, and add JMeter-Skip-Class-Scanning=true manifest attribute so JMeter can skip classfile scanning
2024-05-16 14:58:34,275 INFO o.a.j.s.FileServer: Set new base='/Users/patrickbartosik/Documents/web/A3/Testing/Jmeter'
